<?xml version="1.0" encoding="UTF-8"?>
<robot generator="Robot 6.1.1 (Python 3.12.0 on win32)" generated="20231123 17:28:42.833" rpa="false" schemaversion="4">
<suite id="s1" name="Prova" source="c:\Users\nicholas_moura\Desktop\shark-front-main\testsProva\funcional\Prova.robot">
<test id="s1-t1" name="Deve Deslogar Do Site" line="45">
<kw name="Iniciar Navegador" library="Funcional" type="SETUP">
<kw name="New Browser" library="Browser">
<arg>${NAVEGADOR}</arg>
<arg>headless=false</arg>
<tag>BrowserControl</tag>
<tag>Setter</tag>
<doc>Create a new playwright Browser with specified options.</doc>
<msg timestamp="20231123 17:28:43.538" level="INFO">{"browser": "chromium", "headless": false, "chromiumSandbox": false, "devtools": false, "handleSIGHUP": true, "handleSIGINT": true, "handleSIGTERM": true, "slowMo": 0.0, "timeout": 30000.0, "tracesDir": "C:\\Users\\nicholas_moura\\Desktop\\shark-front-main\\browser\\traces\\5eca557b-423a-4d2e-8481-f27cb13487f3"}</msg>
<msg timestamp="20231123 17:28:43.849" level="INFO">Successfully created browser with options: {"browser":"chromium","headless":false,"chromiumSandbox":false,"devtools":false,"handleSIGHUP":true,"handleSIGINT":true,"handleSIGTERM":true,"slowMo":0,"timeout":30000,"tracesDir":"C:\\Users\\nicholas_moura\\Desktop\\shark-front-main\\browser\\traces\\5eca557b-423a-4d2e-8481-f27cb13487f3"}</msg>
<status status="PASS" starttime="20231123 17:28:43.537" endtime="20231123 17:28:43.850"/>
</kw>
<kw name="New Context" library="Browser">
<tag>BrowserControl</tag>
<tag>Setter</tag>
<doc>Create a new BrowserContext with specified options.</doc>
<msg timestamp="20231123 17:28:43.851" level="INFO">{
  "acceptDownloads": true,
  "bypassCSP": false,
  "forcedColors": "none",
  "hideRfBrowser": "",
  "ignoreHTTPSErrors": false,
  "javaScriptEnabled": true,
  "offline": false,
  "reducedMotion": "no-preference",
  "serviceWorkers": "allow",
  "viewport": {
    "width": 1280,
    "height": 720
  }
}</msg>
<msg timestamp="20231123 17:28:43.866" level="INFO">Successfully created context. </msg>
<msg timestamp="20231123 17:28:43.866" level="INFO">{'acceptDownloads': True, 'bypassCSP': False, 'forcedColors': 'none', 'hideRfBrowser': '', 'ignoreHTTPSErrors': False, 'javaScriptEnabled': True, 'offline': False, 'reducedMotion': 'no-preference', 'serviceWorkers': 'allow', 'viewport': {'width': 1280, 'height': 720}}</msg>
<status status="PASS" starttime="20231123 17:28:43.850" endtime="20231123 17:28:43.866"/>
</kw>
<kw name="New Page" library="Browser">
<arg>${LINKPROVA}</arg>
<tag>BrowserControl</tag>
<tag>Setter</tag>
<doc>Open a new Page.</doc>
<msg timestamp="20231123 17:28:50.497" level="INFO">Successfully initialized new page object and opened url: http://www.automationpractice.pl/index.php</msg>
<status status="PASS" starttime="20231123 17:28:43.867" endtime="20231123 17:28:50.497"/>
</kw>
<kw name="Set Viewport Size" library="Browser">
<arg>${LARGURA_JANELA}</arg>
<arg>${ALTURA_JANELA}</arg>
<tag>BrowserControl</tag>
<tag>Setter</tag>
<doc>Sets current Pages viewport size to specified dimensions.</doc>
<msg timestamp="20231123 17:28:50.509" level="INFO">Set viewport size to: [object Object]</msg>
<status status="PASS" starttime="20231123 17:28:50.497" endtime="20231123 17:28:50.510"/>
</kw>
<status status="PASS" starttime="20231123 17:28:43.537" endtime="20231123 17:28:50.510"/>
</kw>
<kw name="Click" library="Browser">
<arg>text="Sign in"</arg>
<tag>PageContent</tag>
<tag>Setter</tag>
<doc>Simulates mouse click on the element found by ``selector``.</doc>
<status status="PASS" starttime="20231123 17:28:50.510" endtime="20231123 17:28:51.356"/>
</kw>
<kw name="Type Text" library="Browser">
<arg>xpath=//*[@id="email"]</arg>
<arg>nicholas_moura@estudante.sesisenai.org.br</arg>
<tag>PageContent</tag>
<tag>Setter</tag>
<doc>Types the given ``txt`` into the text field found by ``selector``.</doc>
<msg timestamp="20231123 17:28:51.357" level="INFO">Types the text 'nicholas_moura@estudante.sesisenai.org.br' in the given field.</msg>
<status status="PASS" starttime="20231123 17:28:51.357" endtime="20231123 17:28:51.779"/>
</kw>
<kw name="Type Text" library="Browser">
<arg>xpath=//*[@id="passwd"]</arg>
<arg>N1chol@s</arg>
<tag>PageContent</tag>
<tag>Setter</tag>
<doc>Types the given ``txt`` into the text field found by ``selector``.</doc>
<msg timestamp="20231123 17:28:51.780" level="INFO">Types the text 'N1chol@s' in the given field.</msg>
<status status="PASS" starttime="20231123 17:28:51.780" endtime="20231123 17:28:51.821"/>
</kw>
<kw name="Click" library="Browser">
<arg>xpath=//*[@id="header"]/div[2]/div/div/nav/div[2]/a</arg>
<tag>PageContent</tag>
<tag>Setter</tag>
<doc>Simulates mouse click on the element found by ``selector``.</doc>
<status status="PASS" starttime="20231123 17:28:51.821" endtime="20231123 17:28:52.317"/>
</kw>
<kw name="Finalizar Teste" library="Funcional" type="TEARDOWN">
<kw name="Take Screenshot" library="Browser">
<arg>fullPage=True</arg>
<tag>PageContent</tag>
<doc>Takes a screenshot of the current window or element and saves it to disk.</doc>
<msg timestamp="20231123 17:28:52.830" level="INFO" html="true">&lt;/td&gt;&lt;/tr&gt;&lt;tr&gt;&lt;td colspan="3"&gt;&lt;a href="browser/screenshot/robotframework-browser-screenshot-1.png" target="_blank"&gt;&lt;img src="browser/screenshot/robotframework-browser-screenshot-1.png" width="800px"/&gt;&lt;/a&gt;</msg>
<status status="PASS" starttime="20231123 17:28:52.318" endtime="20231123 17:28:52.830"/>
</kw>
<status status="PASS" starttime="20231123 17:28:52.317" endtime="20231123 17:28:52.831"/>
</kw>
<status status="PASS" starttime="20231123 17:28:43.534" endtime="20231123 17:28:52.831"/>
</test>
<status status="PASS" starttime="20231123 17:28:42.838" endtime="20231123 17:28:52.912"/>
</suite>
<statistics>
<total>
<stat pass="1" fail="0" skip="0">All Tests</stat>
</total>
<tag>
</tag>
<suite>
<stat pass="1" fail="0" skip="0" id="s1" name="Prova">Prova</stat>
</suite>
</statistics>
<errors>
</errors>
</robot>
